# JRE version: OpenJDK Runtime Environment Temurin-21.0.10+7 (21.0.10+7) (build 21.0.10+7-LTS)
# Java VM: OpenJDK 64-Bit Server VM Temurin-21.0.10+7 (21.0.10+7-LTS, mixed mode, sharing, tiered, compressed oops, compressed class ptrs, parallel gc, windows-amd64)
GC Precious Log:
 CardTable entry size: 512
 CPUs: 12 total, 12 available
 Memory: 15740M
 Large Page Support: Disabled
 NUMA Support: Disabled
 Compressed Oops: Enabled (32-bit)
 Alignments: Space 512K, Generation 512K, Heap 2M
 Heap Min Capacity: 100M
 Heap Initial Capacity: 100M
 Heap Max Capacity: 2G
 Pre-touch: Disabled
 Parallel Workers: 10
Heap:
 PSYoungGen      total 8192K, used 6968K [0x00000000d5580000, 0x00000000d6480000, 0x0000000100000000)
  eden space 7168K, 83% used [0x00000000d5580000,0x00000000d5b50270,0x00000000d5c80000)
  from space 1024K, 99% used [0x00000000d6280000,0x00000000d637e140,0x00000000d6380000)
  to   space 4096K, 0% used [0x00000000d5c80000,0x00000000d5c80000,0x00000000d6080000)
 ParOldGen       total 148992K, used 148585K [0x0000000080000000, 0x0000000089180000, 0x00000000d5580000)
  object space 148992K, 99% used [0x0000000080000000,0x000000008911a4c0,0x0000000089180000)
 Metaspace       used 83223K, committed 84992K, reserved 1179648K
  class space    used 8935K, committed 9728K, reserved 1048576K
GC Heap History (20 events):
Event: 1195.213 GC heap before
{Heap before GC invocations=104 (full 3):
 PSYoungGen      total 9216K, used 9090K [0x00000000d5580000, 0x00000000d6200000, 0x0000000100000000)
  eden space 7168K, 100% used [0x00000000d5580000,0x00000000d5c80000,0x00000000d5c80000)
  from space 2048K, 93% used [0x00000000d6000000,0x00000000d61e0850,0x00000000d6200000)
  to   space 2560K, 0% used [0x00000000d5d00000,0x00000000d5d00000,0x00000000d5f80000)
 ParOldGen       total 139776K, used 139517K [0x0000000080000000, 0x0000000088880000, 0x00000000d5580000)
  object space 139776K, 99% used [0x0000000080000000,0x000000008883f7c0,0x0000000088880000)
 Metaspace       used 82714K, committed 84480K, reserved 1179648K
  class space    used 8868K, committed 9664K, reserved 1048576K
}
Event: 1195.214 GC heap after
{Heap after GC invocations=104 (full 3):
 PSYoungGen      total 9728K, used 2552K [0x00000000d5580000, 0x00000000d6680000, 0x0000000100000000)
  eden space 7168K, 0% used [0x00000000d5580000,0x00000000d5580000,0x00000000d5c80000)
  from space 2560K, 99% used [0x00000000d5d00000,0x00000000d5f7e140,0x00000000d5f80000)
  to   space 5120K, 0% used [0x00000000d6180000,0x00000000d6180000,0x00000000d6680000)
 ParOldGen       total 141312K, used 141256K [0x0000000080000000, 0x0000000088a00000, 0x00000000d5580000)
  object space 141312K, 99% used [0x0000000080000000,0x00000000889f20c0,0x0000000088a00000)
 Metaspace       used 82714K, committed 84480K, reserved 1179648K
  class space    used 8868K, committed 9664K, reserved 1048576K
}
Event: 1195.223 GC heap before
{Heap before GC invocations=105 (full 3):
 PSYoungGen      total 9728K, used 9720K [0x00000000d5580000, 0x00000000d6680000, 0x0000000100000000)
  eden space 7168K, 100% used [0x00000000d5580000,0x00000000d5c80000,0x00000000d5c80000)
  from space 2560K, 99% used [0x00000000d5d00000,0x00000000d5f7e140,0x00000000d5f80000)
  to   space 5120K, 0% used [0x00000000d6180000,0x00000000d6180000,0x00000000d6680000)
 ParOldGen       total 141312K, used 141256K [0x0000000080000000, 0x0000000088a00000, 0x00000000d5580000)
  object space 141312K, 99% used [0x0000000080000000,0x00000000889f20c0,0x0000000088a00000)
 Metaspace       used 82729K, committed 84544K, reserved 1179648K
  class space    used 8868K, committed 9664K, reserved 1048576K
}
Event: 1195.224 GC heap after
{Heap after GC invocations=105 (full 3):
 PSYoungGen      total 10752K, used 3234K [0x00000000d5580000, 0x00000000d6500000, 0x0000000100000000)
  eden space 7168K, 0% used [0x00000000d5580000,0x00000000d5580000,0x00000000d5c80000)
  from space 3584K, 90% used [0x00000000d6180000,0x00000000d64a8850,0x00000000d6500000)
  to   space 4096K, 0% used [0x00000000d5d00000,0x00000000d5d00000,0x00000000d6100000)
 ParOldGen       total 141312K, used 141280K [0x0000000080000000, 0x0000000088a00000, 0x00000000d5580000)
  object space 141312K, 99% used [0x0000000080000000,0x00000000889f80c0,0x0000000088a00000)
 Metaspace       used 82729K, committed 84544K, reserved 1179648K
  class space    used 8868K, committed 9664K, reserved 1048576K
}
Event: 1195.231 GC heap before
{Heap before GC invocations=106 (full 3):
 PSYoungGen      total 10752K, used 10402K [0x00000000d5580000, 0x00000000d6500000, 0x0000000100000000)
  eden space 7168K, 100% used [0x00000000d5580000,0x00000000d5c80000,0x00000000d5c80000)
  from space 3584K, 90% used [0x00000000d6180000,0x00000000d64a8850,0x00000000d6500000)
  to   space 4096K, 0% used [0x00000000d5d00000,0x00000000d5d00000,0x00000000d6100000)
 ParOldGen       total 141312K, used 141280K [0x0000000080000000, 0x0000000088a00000, 0x00000000d5580000)
  object space 141312K, 99% used [0x0000000080000000,0x00000000889f80c0,0x0000000088a00000)
 Metaspace       used 82729K, committed 84544K, reserved 1179648K
  class space    used 8868K, committed 9664K, reserved 1048576K
}
Event: 1195.233 GC heap after
{Heap after GC invocations=106 (full 3):
 PSYoungGen      total 11264K, used 4088K [0x00000000d5580000, 0x00000000d6980000, 0x0000000100000000)
  eden space 7168K, 0% used [0x00000000d5580000,0x00000000d5580000,0x00000000d5c80000)
  from space 4096K, 99% used [0x00000000d5d00000,0x00000000d60fe140,0x00000000d6100000)
  to   space 6656K, 0% used [0x00000000d6300000,0x00000000d6300000,0x00000000d6980000)
 ParOldGen       total 143360K, used 143194K [0x0000000080000000, 0x0000000088c00000, 0x00000000d5580000)
  object space 143360K, 99% used [0x0000000080000000,0x0000000088bd69c0,0x0000000088c00000)
 Metaspace       used 82729K, committed 84544K, reserved 1179648K
  class space    used 8868K, committed 9664K, reserved 1048576K
}
Event: 1196.375 GC heap before
{Heap before GC invocations=107 (full 3):
 PSYoungGen      total 11264K, used 11256K [0x00000000d5580000, 0x00000000d6980000, 0x0000000100000000)
  eden space 7168K, 100% used [0x00000000d5580000,0x00000000d5c80000,0x00000000d5c80000)
  from space 4096K, 99% used [0x00000000d5d00000,0x00000000d60fe140,0x00000000d6100000)
  to   space 6656K, 0% used [0x00000000d6300000,0x00000000d6300000,0x00000000d6980000)
 ParOldGen       total 143360K, used 143194K [0x0000000080000000, 0x0000000088c00000, 0x00000000d5580000)
  object space 143360K, 99% used [0x0000000080000000,0x0000000088bd69c0,0x0000000088c00000)
 Metaspace       used 83117K, committed 84928K, reserved 1179648K
  class space    used 8929K, committed 9728K, reserved 1048576K
}
Event: 1196.376 GC heap after
{Heap after GC invocations=107 (full 3):
 PSYoungGen      total 9728K, used 2050K [0x00000000d5580000, 0x00000000d6580000, 0x0000000100000000)
  eden space 7168K, 0% used [0x00000000d5580000,0x00000000d5580000,0x00000000d5c80000)
  from space 2560K, 80% used [0x00000000d6300000,0x00000000d6500850,0x00000000d6580000)
  to   space 3584K, 0% used [0x00000000d5e80000,0x00000000d5e80000,0x00000000d6200000)
 ParOldGen       total 143360K, used 143202K [0x0000000080000000, 0x0000000088c00000, 0x00000000d5580000)
  object space 143360K, 99% used [0x0000000080000000,0x0000000088bd89c0,0x0000000088c00000)
 Metaspace       used 83117K, committed 84928K, reserved 1179648K
  class space    used 8929K, committed 9728K, reserved 1048576K
}
Event: 1196.383 GC heap before
{Heap before GC invocations=108 (full 3):
 PSYoungGen      total 9728K, used 9218K [0x00000000d5580000, 0x00000000d6580000, 0x0000000100000000)
  eden space 7168K, 100% used [0x00000000d5580000,0x00000000d5c80000,0x00000000d5c80000)
  from space 2560K, 80% used [0x00000000d6300000,0x00000000d6500850,0x00000000d6580000)
  to   space 3584K, 0% used [0x00000000d5e80000,0x00000000d5e80000,0x00000000d6200000)
 ParOldGen       total 143360K, used 143202K [0x0000000080000000, 0x0000000088c00000, 0x00000000d5580000)
  object space 143360K, 99% used [0x0000000080000000,0x0000000088bd89c0,0x0000000088c00000)
 Metaspace       used 83118K, committed 84928K, reserved 1179648K
  class space    used 8929K, committed 9728K, reserved 1048576K
}
Event: 1196.384 GC heap after
{Heap after GC invocations=108 (full 3):
 PSYoungGen      total 10752K, used 3576K [0x00000000d5580000, 0x00000000d6780000, 0x0000000100000000)
  eden space 7168K, 0% used [0x00000000d5580000,0x00000000d5580000,0x00000000d5c80000)
  from space 3584K, 99% used [0x00000000d5e80000,0x00000000d61fe140,0x00000000d6200000)
  to   space 5632K, 0% used [0x00000000d6200000,0x00000000d6200000,0x00000000d6780000)
 ParOldGen       total 144384K, used 144316K [0x0000000080000000, 0x0000000088d00000, 0x00000000d5580000)
  object space 144384K, 99% used [0x0000000080000000,0x0000000088cef2c0,0x0000000088d00000)
 Metaspace       used 83118K, committed 84928K, reserved 1179648K
  class space    used 8929K, committed 9728K, reserved 1048576K
}
Event: 1196.394 GC heap before
{Heap before GC invocations=109 (full 3):
 PSYoungGen      total 10752K, used 10744K [0x00000000d5580000, 0x00000000d6780000, 0x0000000100000000)
  eden space 7168K, 100% used [0x00000000d5580000,0x00000000d5c80000,0x00000000d5c80000)
  from space 3584K, 99% used [0x00000000d5e80000,0x00000000d61fe140,0x00000000d6200000)
  to   space 5632K, 0% used [0x00000000d6200000,0x00000000d6200000,0x00000000d6780000)
 ParOldGen       total 144384K, used 144316K [0x0000000080000000, 0x0000000088d00000, 0x00000000d5580000)
  object space 144384K, 99% used [0x0000000080000000,0x0000000088cef2c0,0x0000000088d00000)
 Metaspace       used 83129K, committed 84928K, reserved 1179648K
  class space    used 8929K, committed 9728K, reserved 1048576K
}
Event: 1196.395 GC heap after
{Heap after GC invocations=109 (full 3):
 PSYoungGen      total 11264K, used 3746K [0x00000000d5580000, 0x00000000d6600000, 0x0000000100000000)
  eden space 7168K, 0% used [0x00000000d5580000,0x00000000d5580000,0x00000000d5c80000)
  from space 4096K, 91% used [0x00000000d6200000,0x00000000d65a8850,0x00000000d6600000)
  to   space 4096K, 0% used [0x00000000d5e00000,0x00000000d5e00000,0x00000000d6200000)
 ParOldGen       total 144384K, used 144324K [0x0000000080000000, 0x0000000088d00000, 0x00000000d5580000)
  object space 144384K, 99% used [0x0000000080000000,0x0000000088cf12c0,0x0000000088d00000)
 Metaspace       used 83129K, committed 84928K, reserved 1179648K
  class space    used 8929K, committed 9728K, reserved 1048576K
}
Event: 1196.400 GC heap before
{Heap before GC invocations=110 (full 3):
 PSYoungGen      total 11264K, used 10914K [0x00000000d5580000, 0x00000000d6600000, 0x0000000100000000)
  eden space 7168K, 100% used [0x00000000d5580000,0x00000000d5c80000,0x00000000d5c80000)
  from space 4096K, 91% used [0x00000000d6200000,0x00000000d65a8850,0x00000000d6600000)
  to   space 4096K, 0% used [0x00000000d5e00000,0x00000000d5e00000,0x00000000d6200000)
 ParOldGen       total 144384K, used 144324K [0x0000000080000000, 0x0000000088d00000, 0x00000000d5580000)
  object space 144384K, 99% used [0x0000000080000000,0x0000000088cf12c0,0x0000000088d00000)
 Metaspace       used 83130K, committed 84928K, reserved 1179648K
  class space    used 8929K, committed 9728K, reserved 1048576K
}
Event: 1196.402 GC heap after
{Heap after GC invocations=110 (full 3):
 PSYoungGen      total 11264K, used 4088K [0x00000000d5580000, 0x00000000d6980000, 0x0000000100000000)
  eden space 7168K, 0% used [0x00000000d5580000,0x00000000d5580000,0x00000000d5c80000)
  from space 4096K, 99% used [0x00000000d5e00000,0x00000000d61fe140,0x00000000d6200000)
  to   space 6656K, 0% used [0x00000000d6300000,0x00000000d6300000,0x00000000d6980000)
 ParOldGen       total 146432K, used 146126K [0x0000000080000000, 0x0000000088f00000, 0x00000000d5580000)
  object space 146432K, 99% used [0x0000000080000000,0x0000000088eb3bc0,0x0000000088f00000)
 Metaspace       used 83130K, committed 84928K, reserved 1179648K
  class space    used 8929K, committed 9728K, reserved 1048576K
}
Event: 1196.778 GC heap before
{Heap before GC invocations=111 (full 3):
 PSYoungGen      total 11264K, used 11256K [0x00000000d5580000, 0x00000000d6980000, 0x0000000100000000)
  eden space 7168K, 100% used [0x00000000d5580000,0x00000000d5c80000,0x00000000d5c80000)
  from space 4096K, 99% used [0x00000000d5e00000,0x00000000d61fe140,0x00000000d6200000)
  to   space 6656K, 0% used [0x00000000d6300000,0x00000000d6300000,0x00000000d6980000)
 ParOldGen       total 146432K, used 146126K [0x0000000080000000, 0x0000000088f00000, 0x00000000d5580000)
  object space 146432K, 99% used [0x0000000080000000,0x0000000088eb3bc0,0x0000000088f00000)
 Metaspace       used 83134K, committed 84928K, reserved 1179648K
  class space    used 8929K, committed 9728K, reserved 1048576K
}
Event: 1196.779 GC heap after
{Heap after GC invocations=111 (full 3):
 PSYoungGen      total 8704K, used 1368K [0x00000000d5580000, 0x00000000d6480000, 0x0000000100000000)
  eden space 7168K, 0% used [0x00000000d5580000,0x00000000d5580000,0x00000000d5c80000)
  from space 1536K, 89% used [0x00000000d6300000,0x00000000d6456140,0x00000000d6480000)
  to   space 3072K, 0% used [0x00000000d5e80000,0x00000000d5e80000,0x00000000d6180000)
 ParOldGen       total 146432K, used 146134K [0x0000000080000000, 0x0000000088f00000, 0x00000000d5580000)
  object space 146432K, 99% used [0x0000000080000000,0x0000000088eb5bc0,0x0000000088f00000)
 Metaspace       used 83134K, committed 84928K, reserved 1179648K
  class space    used 8929K, committed 9728K, reserved 1048576K
}
Event: 1196.786 GC heap before
{Heap before GC invocations=112 (full 3):
 PSYoungGen      total 8704K, used 8536K [0x00000000d5580000, 0x00000000d6480000, 0x0000000100000000)
  eden space 7168K, 100% used [0x00000000d5580000,0x00000000d5c80000,0x00000000d5c80000)
  from space 1536K, 89% used [0x00000000d6300000,0x00000000d6456140,0x00000000d6480000)
  to   space 3072K, 0% used [0x00000000d5e80000,0x00000000d5e80000,0x00000000d6180000)
 ParOldGen       total 146432K, used 146134K [0x0000000080000000, 0x0000000088f00000, 0x00000000d5580000)
  object space 146432K, 99% used [0x0000000080000000,0x0000000088eb5bc0,0x0000000088f00000)
 Metaspace       used 83136K, committed 84928K, reserved 1179648K
  class space    used 8929K, committed 9728K, reserved 1048576K
}
Event: 1196.787 GC heap after
{Heap after GC invocations=112 (full 3):
 PSYoungGen      total 10240K, used 320K [0x00000000d5580000, 0x00000000d6380000, 0x0000000100000000)
  eden space 7168K, 0% used [0x00000000d5580000,0x00000000d5580000,0x00000000d5c80000)
  from space 3072K, 10% used [0x00000000d5e80000,0x00000000d5ed0000,0x00000000d6180000)
  to   space 1024K, 0% used [0x00000000d6280000,0x00000000d6280000,0x00000000d6380000)
 ParOldGen       total 146432K, used 146182K [0x0000000080000000, 0x0000000088f00000, 0x00000000d5580000)
  object space 146432K, 99% used [0x0000000080000000,0x0000000088ec1bc0,0x0000000088f00000)
 Metaspace       used 83136K, committed 84928K, reserved 1179648K
  class space    used 8929K, committed 9728K, reserved 1048576K
}
Event: 1196.794 GC heap before
{Heap before GC invocations=113 (full 3):
 PSYoungGen      total 10240K, used 7487K [0x00000000d5580000, 0x00000000d6380000, 0x0000000100000000)
  eden space 7168K, 99% used [0x00000000d5580000,0x00000000d5c7ffd0,0x00000000d5c80000)
  from space 3072K, 10% used [0x00000000d5e80000,0x00000000d5ed0000,0x00000000d6180000)
  to   space 1024K, 0% used [0x00000000d6280000,0x00000000d6280000,0x00000000d6380000)
 ParOldGen       total 146432K, used 146182K [0x0000000080000000, 0x0000000088f00000, 0x00000000d5580000)
  object space 146432K, 99% used [0x0000000080000000,0x0000000088ec1bc0,0x0000000088f00000)
 Metaspace       used 83139K, committed 84928K, reserved 1179648K
  class space    used 8929K, committed 9728K, reserved 1048576K
}
Event: 1196.795 GC heap after
{Heap after GC invocations=113 (full 3):
 PSYoungGen      total 8192K, used 1016K [0x00000000d5580000, 0x00000000d6480000, 0x0000000100000000)
  eden space 7168K, 0% used [0x00000000d5580000,0x00000000d5580000,0x00000000d5c80000)
  from space 1024K, 99% used [0x00000000d6280000,0x00000000d637e140,0x00000000d6380000)
  to   space 4096K, 0% used [0x00000000d5c80000,0x00000000d5c80000,0x00000000d6080000)
 ParOldGen       total 148992K, used 148585K [0x0000000080000000, 0x0000000089180000, 0x00000000d5580000)
  object space 148992K, 99% used [0x0000000080000000,0x000000008911a4c0,0x0000000089180000)
 Metaspace       used 83139K, committed 84928K, reserved 1179648K
  class space    used 8929K, committed 9728K, reserved 1048576K
}

