# JRE version: OpenJDK Runtime Environment Temurin-21.0.10+7 (21.0.10+7) (build 21.0.10+7-LTS)
# Java VM: OpenJDK 64-Bit Server VM Temurin-21.0.10+7 (21.0.10+7-LTS, mixed mode, sharing, tiered, compressed oops, compressed class ptrs, parallel gc, windows-amd64)
GC Precious Log:
 CardTable entry size: 512
 CPUs: 12 total, 12 available
 Memory: 15740M
 Large Page Support: Disabled
 NUMA Support: Disabled
 Compressed Oops: Enabled (32-bit)
 Alignments: Space 512K, Generation 512K, Heap 2M
 Heap Min Capacity: 100M
 Heap Initial Capacity: 100M
 Heap Max Capacity: 2G
 Pre-touch: Disabled
 Parallel Workers: 10
Heap:
 PSYoungGen      total 21504K, used 16901K [0x00000000d5580000, 0x00000000d6e00000, 0x0000000100000000)
  eden space 19968K, 76% used [0x00000000d5580000,0x00000000d64819b0,0x00000000d6900000)
  from space 1536K, 99% used [0x00000000d6a80000,0x00000000d6bffab0,0x00000000d6c00000)
  to   space 2048K, 0% used [0x00000000d6c00000,0x00000000d6c00000,0x00000000d6e00000)
 ParOldGen       total 68608K, used 41400K [0x0000000080000000, 0x0000000084300000, 0x00000000d5580000)
  object space 68608K, 60% used [0x0000000080000000,0x000000008286e030,0x0000000084300000)
 Metaspace       used 61007K, committed 62464K, reserved 1114112K
  class space    used 6580K, committed 7168K, reserved 1048576K
GC Heap History (20 events):
Event: 8.516 GC heap before
{Heap before GC invocations=27 (full 2):
 PSYoungGen      total 24064K, used 23584K [0x00000000d5580000, 0x00000000d7000000, 0x0000000100000000)
  eden space 22016K, 100% used [0x00000000d5580000,0x00000000d6b00000,0x00000000d6b00000)
  from space 2048K, 76% used [0x00000000d6e00000,0x00000000d6f88010,0x00000000d7000000)
  to   space 2048K, 0% used [0x00000000d6c00000,0x00000000d6c00000,0x00000000d6e00000)
 ParOldGen       total 68608K, used 37320K [0x0000000080000000, 0x0000000084300000, 0x00000000d5580000)
  object space 68608K, 54% used [0x0000000080000000,0x0000000082472158,0x0000000084300000)
 Metaspace       used 52077K, committed 53504K, reserved 1114112K
  class space    used 5683K, committed 6336K, reserved 1048576K
}
Event: 8.518 GC heap after
{Heap after GC invocations=27 (full 2):
 PSYoungGen      total 24064K, used 2031K [0x00000000d5580000, 0x00000000d7300000, 0x0000000100000000)
  eden space 22016K, 0% used [0x00000000d5580000,0x00000000d5580000,0x00000000d6b00000)
  from space 2048K, 99% used [0x00000000d6c00000,0x00000000d6dfbed8,0x00000000d6e00000)
  to   space 4096K, 0% used [0x00000000d6f00000,0x00000000d6f00000,0x00000000d7300000)
 ParOldGen       total 68608K, used 38970K [0x0000000080000000, 0x0000000084300000, 0x00000000d5580000)
  object space 68608K, 56% used [0x0000000080000000,0x000000008260e968,0x0000000084300000)
 Metaspace       used 52077K, committed 53504K, reserved 1114112K
  class space    used 5683K, committed 6336K, reserved 1048576K
}
Event: 8.573 GC heap before
{Heap before GC invocations=28 (full 2):
 PSYoungGen      total 24064K, used 24047K [0x00000000d5580000, 0x00000000d7300000, 0x0000000100000000)
  eden space 22016K, 100% used [0x00000000d5580000,0x00000000d6b00000,0x00000000d6b00000)
  from space 2048K, 99% used [0x00000000d6c00000,0x00000000d6dfbed8,0x00000000d6e00000)
  to   space 4096K, 0% used [0x00000000d6f00000,0x00000000d6f00000,0x00000000d7300000)
 ParOldGen       total 68608K, used 38970K [0x0000000080000000, 0x0000000084300000, 0x00000000d5580000)
  object space 68608K, 56% used [0x0000000080000000,0x000000008260e968,0x0000000084300000)
 Metaspace       used 52416K, committed 53888K, reserved 1114112K
  class space    used 5718K, committed 6400K, reserved 1048576K
}
Event: 8.576 GC heap after
{Heap after GC invocations=28 (full 2):
 PSYoungGen      total 24576K, used 2372K [0x00000000d5580000, 0x00000000d7180000, 0x0000000100000000)
  eden space 22016K, 0% used [0x00000000d5580000,0x00000000d5580000,0x00000000d6b00000)
  from space 2560K, 92% used [0x00000000d6f00000,0x00000000d7151000,0x00000000d7180000)
  to   space 3072K, 0% used [0x00000000d6b80000,0x00000000d6b80000,0x00000000d6e80000)
 ParOldGen       total 68608K, used 40897K [0x0000000080000000, 0x0000000084300000, 0x00000000d5580000)
  object space 68608K, 59% used [0x0000000080000000,0x00000000827f07b8,0x0000000084300000)
 Metaspace       used 52416K, committed 53888K, reserved 1114112K
  class space    used 5718K, committed 6400K, reserved 1048576K
}
Event: 8.674 GC heap before
{Heap before GC invocations=29 (full 2):
 PSYoungGen      total 24576K, used 24388K [0x00000000d5580000, 0x00000000d7180000, 0x0000000100000000)
  eden space 22016K, 100% used [0x00000000d5580000,0x00000000d6b00000,0x00000000d6b00000)
  from space 2560K, 92% used [0x00000000d6f00000,0x00000000d7151000,0x00000000d7180000)
  to   space 3072K, 0% used [0x00000000d6b80000,0x00000000d6b80000,0x00000000d6e80000)
 ParOldGen       total 68608K, used 40897K [0x0000000080000000, 0x0000000084300000, 0x00000000d5580000)
  object space 68608K, 59% used [0x0000000080000000,0x00000000827f07b8,0x0000000084300000)
 Metaspace       used 52554K, committed 54016K, reserved 1114112K
  class space    used 5728K, committed 6400K, reserved 1048576K
}
Event: 8.677 GC heap after
{Heap after GC invocations=29 (full 2):
 PSYoungGen      total 24576K, used 2464K [0x00000000d5580000, 0x00000000d7000000, 0x0000000100000000)
  eden space 22016K, 0% used [0x00000000d5580000,0x00000000d5580000,0x00000000d6b00000)
  from space 2560K, 96% used [0x00000000d6b80000,0x00000000d6de8030,0x00000000d6e00000)
  to   space 2048K, 0% used [0x00000000d6e00000,0x00000000d6e00000,0x00000000d7000000)
 ParOldGen       total 68608K, used 43135K [0x0000000080000000, 0x0000000084300000, 0x00000000d5580000)
  object space 68608K, 62% used [0x0000000080000000,0x0000000082a1fde0,0x0000000084300000)
 Metaspace       used 52554K, committed 54016K, reserved 1114112K
  class space    used 5728K, committed 6400K, reserved 1048576K
}
Event: 8.763 GC heap before
{Heap before GC invocations=30 (full 2):
 PSYoungGen      total 24576K, used 24480K [0x00000000d5580000, 0x00000000d7000000, 0x0000000100000000)
  eden space 22016K, 100% used [0x00000000d5580000,0x00000000d6b00000,0x00000000d6b00000)
  from space 2560K, 96% used [0x00000000d6b80000,0x00000000d6de8030,0x00000000d6e00000)
  to   space 2048K, 0% used [0x00000000d6e00000,0x00000000d6e00000,0x00000000d7000000)
 ParOldGen       total 68608K, used 43135K [0x0000000080000000, 0x0000000084300000, 0x00000000d5580000)
  object space 68608K, 62% used [0x0000000080000000,0x0000000082a1fde0,0x0000000084300000)
 Metaspace       used 52718K, committed 54144K, reserved 1114112K
  class space    used 5738K, committed 6400K, reserved 1048576K
}
Event: 8.766 GC heap after
{Heap after GC invocations=30 (full 2):
 PSYoungGen      total 22016K, used 2023K [0x00000000d5580000, 0x00000000d7500000, 0x0000000100000000)
  eden space 19968K, 0% used [0x00000000d5580000,0x00000000d5580000,0x00000000d6900000)
  from space 2048K, 98% used [0x00000000d6e00000,0x00000000d6ff9ee8,0x00000000d7000000)
  to   space 5120K, 0% used [0x00000000d6900000,0x00000000d6900000,0x00000000d6e00000)
 ParOldGen       total 68608K, used 45735K [0x0000000080000000, 0x0000000084300000, 0x00000000d5580000)
  object space 68608K, 66% used [0x0000000080000000,0x0000000082ca9e10,0x0000000084300000)
 Metaspace       used 52718K, committed 54144K, reserved 1114112K
  class space    used 5738K, committed 6400K, reserved 1048576K
}
Event: 9.070 GC heap before
{Heap before GC invocations=31 (full 2):
 PSYoungGen      total 22016K, used 21991K [0x00000000d5580000, 0x00000000d7500000, 0x0000000100000000)
  eden space 19968K, 100% used [0x00000000d5580000,0x00000000d6900000,0x00000000d6900000)
  from space 2048K, 98% used [0x00000000d6e00000,0x00000000d6ff9ee8,0x00000000d7000000)
  to   space 5120K, 0% used [0x00000000d6900000,0x00000000d6900000,0x00000000d6e00000)
 ParOldGen       total 68608K, used 45735K [0x0000000080000000, 0x0000000084300000, 0x00000000d5580000)
  object space 68608K, 66% used [0x0000000080000000,0x0000000082ca9e10,0x0000000084300000)
 Metaspace       used 53576K, committed 55040K, reserved 1114112K
  class space    used 5863K, committed 6528K, reserved 1048576K
}
Event: 9.071 GC heap after
{Heap after GC invocations=31 (full 2):
 PSYoungGen      total 20480K, used 448K [0x00000000d5580000, 0x00000000d6e80000, 0x0000000100000000)
  eden space 19968K, 0% used [0x00000000d5580000,0x00000000d5580000,0x00000000d6900000)
  from space 512K, 87% used [0x00000000d6900000,0x00000000d6970000,0x00000000d6980000)
  to   space 2048K, 0% used [0x00000000d6c80000,0x00000000d6c80000,0x00000000d6e80000)
 ParOldGen       total 68608K, used 47417K [0x0000000080000000, 0x0000000084300000, 0x00000000d5580000)
  object space 68608K, 69% used [0x0000000080000000,0x0000000082e4e530,0x0000000084300000)
 Metaspace       used 53576K, committed 55040K, reserved 1114112K
  class space    used 5863K, committed 6528K, reserved 1048576K
}
Event: 9.191 GC heap before
{Heap before GC invocations=32 (full 2):
 PSYoungGen      total 20480K, used 20416K [0x00000000d5580000, 0x00000000d6e80000, 0x0000000100000000)
  eden space 19968K, 100% used [0x00000000d5580000,0x00000000d6900000,0x00000000d6900000)
  from space 512K, 87% used [0x00000000d6900000,0x00000000d6970000,0x00000000d6980000)
  to   space 2048K, 0% used [0x00000000d6c80000,0x00000000d6c80000,0x00000000d6e80000)
 ParOldGen       total 68608K, used 47417K [0x0000000080000000, 0x0000000084300000, 0x00000000d5580000)
  object space 68608K, 69% used [0x0000000080000000,0x0000000082e4e530,0x0000000084300000)
 Metaspace       used 55463K, committed 56896K, reserved 1114112K
  class space    used 6015K, committed 6656K, reserved 1048576K
}
Event: 9.193 GC heap after
{Heap after GC invocations=32 (full 2):
 PSYoungGen      total 20992K, used 832K [0x00000000d5580000, 0x00000000d6d80000, 0x0000000100000000)
  eden space 19968K, 0% used [0x00000000d5580000,0x00000000d5580000,0x00000000d6900000)
  from space 1024K, 81% used [0x00000000d6c80000,0x00000000d6d50020,0x00000000d6d80000)
  to   space 1024K, 0% used [0x00000000d6b80000,0x00000000d6b80000,0x00000000d6c80000)
 ParOldGen       total 68608K, used 47673K [0x0000000080000000, 0x0000000084300000, 0x00000000d5580000)
  object space 68608K, 69% used [0x0000000080000000,0x0000000082e8e530,0x0000000084300000)
 Metaspace       used 55463K, committed 56896K, reserved 1114112K
  class space    used 6015K, committed 6656K, reserved 1048576K
}
Event: 9.368 GC heap before
{Heap before GC invocations=33 (full 2):
 PSYoungGen      total 20992K, used 20800K [0x00000000d5580000, 0x00000000d6d80000, 0x0000000100000000)
  eden space 19968K, 100% used [0x00000000d5580000,0x00000000d6900000,0x00000000d6900000)
  from space 1024K, 81% used [0x00000000d6c80000,0x00000000d6d50020,0x00000000d6d80000)
  to   space 1024K, 0% used [0x00000000d6b80000,0x00000000d6b80000,0x00000000d6c80000)
 ParOldGen       total 68608K, used 47673K [0x0000000080000000, 0x0000000084300000, 0x00000000d5580000)
  object space 68608K, 69% used [0x0000000080000000,0x0000000082e8e530,0x0000000084300000)
 Metaspace       used 57780K, committed 59200K, reserved 1114112K
  class space    used 6259K, committed 6848K, reserved 1048576K
}
Event: 9.369 GC heap after
{Heap after GC invocations=33 (full 2):
 PSYoungGen      total 20992K, used 992K [0x00000000d5580000, 0x00000000d6f00000, 0x0000000100000000)
  eden space 19968K, 0% used [0x00000000d5580000,0x00000000d5580000,0x00000000d6900000)
  from space 1024K, 96% used [0x00000000d6b80000,0x00000000d6c780c8,0x00000000d6c80000)
  to   space 2560K, 0% used [0x00000000d6c80000,0x00000000d6c80000,0x00000000d6f00000)
 ParOldGen       total 68608K, used 49103K [0x0000000080000000, 0x0000000084300000, 0x00000000d5580000)
  object space 68608K, 71% used [0x0000000080000000,0x0000000082ff3e20,0x0000000084300000)
 Metaspace       used 57780K, committed 59200K, reserved 1114112K
  class space    used 6259K, committed 6848K, reserved 1048576K
}
Event: 9.411 GC heap before
{Heap before GC invocations=34 (full 2):
 PSYoungGen      total 20992K, used 7855K [0x00000000d5580000, 0x00000000d6f00000, 0x0000000100000000)
  eden space 19968K, 34% used [0x00000000d5580000,0x00000000d5c33ef8,0x00000000d6900000)
  from space 1024K, 96% used [0x00000000d6b80000,0x00000000d6c780c8,0x00000000d6c80000)
  to   space 2560K, 0% used [0x00000000d6c80000,0x00000000d6c80000,0x00000000d6f00000)
 ParOldGen       total 68608K, used 49103K [0x0000000080000000, 0x0000000084300000, 0x00000000d5580000)
  object space 68608K, 71% used [0x0000000080000000,0x0000000082ff3e20,0x0000000084300000)
 Metaspace       used 58379K, committed 59776K, reserved 1114112K
  class space    used 6310K, committed 6912K, reserved 1048576K
}
Event: 9.412 GC heap after
{Heap after GC invocations=34 (full 2):
 PSYoungGen      total 20992K, used 602K [0x00000000d5580000, 0x00000000d6d80000, 0x0000000100000000)
  eden space 19968K, 0% used [0x00000000d5580000,0x00000000d5580000,0x00000000d6900000)
  from space 1024K, 58% used [0x00000000d6c80000,0x00000000d6d168e0,0x00000000d6d80000)
  to   space 1536K, 0% used [0x00000000d6a80000,0x00000000d6a80000,0x00000000d6c00000)
 ParOldGen       total 68608K, used 50082K [0x0000000080000000, 0x0000000084300000, 0x00000000d5580000)
  object space 68608K, 72% used [0x0000000080000000,0x00000000830e8850,0x0000000084300000)
 Metaspace       used 58379K, committed 59776K, reserved 1114112K
  class space    used 6310K, committed 6912K, reserved 1048576K
}
Event: 9.412 GC heap before
{Heap before GC invocations=35 (full 3):
 PSYoungGen      total 20992K, used 602K [0x00000000d5580000, 0x00000000d6d80000, 0x0000000100000000)
  eden space 19968K, 0% used [0x00000000d5580000,0x00000000d5580000,0x00000000d6900000)
  from space 1024K, 58% used [0x00000000d6c80000,0x00000000d6d168e0,0x00000000d6d80000)
  to   space 1536K, 0% used [0x00000000d6a80000,0x00000000d6a80000,0x00000000d6c00000)
 ParOldGen       total 68608K, used 50082K [0x0000000080000000, 0x0000000084300000, 0x00000000d5580000)
  object space 68608K, 72% used [0x0000000080000000,0x00000000830e8850,0x0000000084300000)
 Metaspace       used 58379K, committed 59776K, reserved 1114112K
  class space    used 6310K, committed 6912K, reserved 1048576K
}
Event: 9.471 GC heap after
{Heap after GC invocations=35 (full 3):
 PSYoungGen      total 20992K, used 0K [0x00000000d5580000, 0x00000000d6d80000, 0x0000000100000000)
  eden space 19968K, 0% used [0x00000000d5580000,0x00000000d5580000,0x00000000d6900000)
  from space 1024K, 0% used [0x00000000d6c80000,0x00000000d6c80000,0x00000000d6d80000)
  to   space 1536K, 0% used [0x00000000d6a80000,0x00000000d6a80000,0x00000000d6c00000)
 ParOldGen       total 68608K, used 40840K [0x0000000080000000, 0x0000000084300000, 0x00000000d5580000)
  object space 68608K, 59% used [0x0000000080000000,0x00000000827e2080,0x0000000084300000)
 Metaspace       used 58368K, committed 59776K, reserved 1114112K
  class space    used 6307K, committed 6912K, reserved 1048576K
}
Event: 9.766 GC heap before
{Heap before GC invocations=36 (full 3):
 PSYoungGen      total 20992K, used 19956K [0x00000000d5580000, 0x00000000d6d80000, 0x0000000100000000)
  eden space 19968K, 99% used [0x00000000d5580000,0x00000000d68fd0b0,0x00000000d6900000)
  from space 1024K, 0% used [0x00000000d6c80000,0x00000000d6c80000,0x00000000d6d80000)
  to   space 1536K, 0% used [0x00000000d6a80000,0x00000000d6a80000,0x00000000d6c00000)
 ParOldGen       total 68608K, used 40840K [0x0000000080000000, 0x0000000084300000, 0x00000000d5580000)
  object space 68608K, 59% used [0x0000000080000000,0x00000000827e2080,0x0000000084300000)
 Metaspace       used 59877K, committed 61376K, reserved 1114112K
  class space    used 6473K, committed 7104K, reserved 1048576K
}
Event: 9.769 GC heap after
{Heap after GC invocations=36 (full 3):
 PSYoungGen      total 21504K, used 1534K [0x00000000d5580000, 0x00000000d6e00000, 0x0000000100000000)
  eden space 19968K, 0% used [0x00000000d5580000,0x00000000d5580000,0x00000000d6900000)
  from space 1536K, 99% used [0x00000000d6a80000,0x00000000d6bffab0,0x00000000d6c00000)
  to   space 2048K, 0% used [0x00000000d6c00000,0x00000000d6c00000,0x00000000d6e00000)
 ParOldGen       total 68608K, used 41400K [0x0000000080000000, 0x0000000084300000, 0x00000000d5580000)
  object space 68608K, 60% used [0x0000000080000000,0x000000008286e030,0x0000000084300000)
 Metaspace       used 59877K, committed 61376K, reserved 1114112K
  class space    used 6473K, committed 7104K, reserved 1048576K
}

