# JRE version: OpenJDK Runtime Environment Temurin-21.0.10+7 (21.0.10+7) (build 21.0.10+7-LTS)
# Java VM: OpenJDK 64-Bit Server VM Temurin-21.0.10+7 (21.0.10+7-LTS, mixed mode, sharing, tiered, compressed oops, compressed class ptrs, parallel gc, windows-amd64)
GC Precious Log:
 CardTable entry size: 512
 CPUs: 12 total, 12 available
 Memory: 15740M
 Large Page Support: Disabled
 NUMA Support: Disabled
 Compressed Oops: Enabled (32-bit)
 Alignments: Space 512K, Generation 512K, Heap 2M
 Heap Min Capacity: 100M
 Heap Initial Capacity: 100M
 Heap Max Capacity: 2G
 Pre-touch: Disabled
 Parallel Workers: 10
Heap:
 PSYoungGen      total 4096K, used 2282K [0x00000000d5580000, 0x00000000d5a80000, 0x0000000100000000)
  eden space 3072K, 46% used [0x00000000d5580000,0x00000000d56e5bb0,0x00000000d5880000)
  from space 1024K, 83% used [0x00000000d5880000,0x00000000d5955000,0x00000000d5980000)
  to   space 1024K, 0% used [0x00000000d5980000,0x00000000d5980000,0x00000000d5a80000)
 ParOldGen       total 579072K, used 578695K [0x0000000080000000, 0x00000000a3580000, 0x00000000d5580000)
  object space 579072K, 99% used [0x0000000080000000,0x00000000a3521f60,0x00000000a3580000)
 Metaspace       used 92798K, committed 94336K, reserved 1179648K
  class space    used 9710K, committed 10432K, reserved 1048576K
GC Heap History (20 events):
Event: 3869.035 GC heap before
{Heap before GC invocations=1070 (full 4):
 PSYoungGen      total 5632K, used 5237K [0x00000000d5580000, 0x00000000d5d00000, 0x0000000100000000)
  eden space 4096K, 100% used [0x00000000d5580000,0x00000000d5980000,0x00000000d5980000)
  from space 1536K, 74% used [0x00000000d5b00000,0x00000000d5c1d6e8,0x00000000d5c80000)
  to   space 512K, 0% used [0x00000000d5c80000,0x00000000d5c80000,0x00000000d5d00000)
 ParOldGen       total 563200K, used 563005K [0x0000000080000000, 0x00000000a2600000, 0x00000000d5580000)
  object space 563200K, 99% used [0x0000000080000000,0x00000000a25cf520,0x00000000a2600000)
 Metaspace       used 92797K, committed 94336K, reserved 1179648K
  class space    used 9710K, committed 10432K, reserved 1048576K
}
Event: 3869.037 GC heap after
{Heap after GC invocations=1070 (full 4):
 PSYoungGen      total 4608K, used 499K [0x00000000d5580000, 0x00000000d5d80000, 0x0000000100000000)
  eden space 4096K, 0% used [0x00000000d5580000,0x00000000d5580000,0x00000000d5980000)
  from space 512K, 97% used [0x00000000d5c80000,0x00000000d5cfcec8,0x00000000d5d00000)
  to   space 2048K, 0% used [0x00000000d5980000,0x00000000d5980000,0x00000000d5b80000)
 ParOldGen       total 564736K, used 564298K [0x0000000080000000, 0x00000000a2780000, 0x00000000d5580000)
  object space 564736K, 99% used [0x0000000080000000,0x00000000a27129c8,0x00000000a2780000)
 Metaspace       used 92797K, committed 94336K, reserved 1179648K
  class space    used 9710K, committed 10432K, reserved 1048576K
}
Event: 3869.045 GC heap before
{Heap before GC invocations=1071 (full 4):
 PSYoungGen      total 4608K, used 4595K [0x00000000d5580000, 0x00000000d5d80000, 0x0000000100000000)
  eden space 4096K, 100% used [0x00000000d5580000,0x00000000d5980000,0x00000000d5980000)
  from space 512K, 97% used [0x00000000d5c80000,0x00000000d5cfcec8,0x00000000d5d00000)
  to   space 2048K, 0% used [0x00000000d5980000,0x00000000d5980000,0x00000000d5b80000)
 ParOldGen       total 564736K, used 564298K [0x0000000080000000, 0x00000000a2780000, 0x00000000d5580000)
  object space 564736K, 99% used [0x0000000080000000,0x00000000a27129c8,0x00000000a2780000)
 Metaspace       used 92797K, committed 94336K, reserved 1179648K
  class space    used 9710K, committed 10432K, reserved 1048576K
}
Event: 3869.046 GC heap after
{Heap after GC invocations=1071 (full 4):
 PSYoungGen      total 6144K, used 736K [0x00000000d5580000, 0x00000000d5d00000, 0x0000000100000000)
  eden space 4096K, 0% used [0x00000000d5580000,0x00000000d5580000,0x00000000d5980000)
  from space 2048K, 35% used [0x00000000d5980000,0x00000000d5a38000,0x00000000d5b80000)
  to   space 1536K, 0% used [0x00000000d5b80000,0x00000000d5b80000,0x00000000d5d00000)
 ParOldGen       total 565248K, used 564819K [0x0000000080000000, 0x00000000a2800000, 0x00000000d5580000)
  object space 565248K, 99% used [0x0000000080000000,0x00000000a2794fe0,0x00000000a2800000)
 Metaspace       used 92797K, committed 94336K, reserved 1179648K
  class space    used 9710K, committed 10432K, reserved 1048576K
}
Event: 3869.053 GC heap before
{Heap before GC invocations=1072 (full 4):
 PSYoungGen      total 6144K, used 4832K [0x00000000d5580000, 0x00000000d5d00000, 0x0000000100000000)
  eden space 4096K, 100% used [0x00000000d5580000,0x00000000d5980000,0x00000000d5980000)
  from space 2048K, 35% used [0x00000000d5980000,0x00000000d5a38000,0x00000000d5b80000)
  to   space 1536K, 0% used [0x00000000d5b80000,0x00000000d5b80000,0x00000000d5d00000)
 ParOldGen       total 565248K, used 564819K [0x0000000080000000, 0x00000000a2800000, 0x00000000d5580000)
  object space 565248K, 99% used [0x0000000080000000,0x00000000a2794fe0,0x00000000a2800000)
 Metaspace       used 92797K, committed 94336K, reserved 1179648K
  class space    used 9710K, committed 10432K, reserved 1048576K
}
Event: 3869.054 GC heap after
{Heap after GC invocations=1072 (full 4):
 PSYoungGen      total 5120K, used 672K [0x00000000d5580000, 0x00000000d5c80000, 0x0000000100000000)
  eden space 4096K, 0% used [0x00000000d5580000,0x00000000d5580000,0x00000000d5980000)
  from space 1024K, 65% used [0x00000000d5b80000,0x00000000d5c28000,0x00000000d5c80000)
  to   space 1024K, 0% used [0x00000000d5a80000,0x00000000d5a80000,0x00000000d5b80000)
 ParOldGen       total 565760K, used 565347K [0x0000000080000000, 0x00000000a2880000, 0x00000000d5580000)
  object space 565760K, 99% used [0x0000000080000000,0x00000000a2818fc0,0x00000000a2880000)
 Metaspace       used 92797K, committed 94336K, reserved 1179648K
  class space    used 9710K, committed 10432K, reserved 1048576K
}
Event: 3869.065 GC heap before
{Heap before GC invocations=1073 (full 4):
 PSYoungGen      total 5120K, used 4768K [0x00000000d5580000, 0x00000000d5c80000, 0x0000000100000000)
  eden space 4096K, 100% used [0x00000000d5580000,0x00000000d5980000,0x00000000d5980000)
  from space 1024K, 65% used [0x00000000d5b80000,0x00000000d5c28000,0x00000000d5c80000)
  to   space 1024K, 0% used [0x00000000d5a80000,0x00000000d5a80000,0x00000000d5b80000)
 ParOldGen       total 565760K, used 565347K [0x0000000080000000, 0x00000000a2880000, 0x00000000d5580000)
  object space 565760K, 99% used [0x0000000080000000,0x00000000a2818fc0,0x00000000a2880000)
 Metaspace       used 92797K, committed 94336K, reserved 1179648K
  class space    used 9710K, committed 10432K, reserved 1048576K
}
Event: 3869.067 GC heap after
{Heap after GC invocations=1073 (full 4):
 PSYoungGen      total 5120K, used 897K [0x00000000d5580000, 0x00000000d5c00000, 0x0000000100000000)
  eden space 4096K, 0% used [0x00000000d5580000,0x00000000d5580000,0x00000000d5980000)
  from space 1024K, 87% used [0x00000000d5a80000,0x00000000d5b60510,0x00000000d5b80000)
  to   space 512K, 0% used [0x00000000d5b80000,0x00000000d5b80000,0x00000000d5c00000)
 ParOldGen       total 566272K, used 565908K [0x0000000080000000, 0x00000000a2900000, 0x00000000d5580000)
  object space 566272K, 99% used [0x0000000080000000,0x00000000a28a5038,0x00000000a2900000)
 Metaspace       used 92797K, committed 94336K, reserved 1179648K
  class space    used 9710K, committed 10432K, reserved 1048576K
}
Event: 3869.075 GC heap before
{Heap before GC invocations=1074 (full 4):
 PSYoungGen      total 5120K, used 4993K [0x00000000d5580000, 0x00000000d5c00000, 0x0000000100000000)
  eden space 4096K, 100% used [0x00000000d5580000,0x00000000d5980000,0x00000000d5980000)
  from space 1024K, 87% used [0x00000000d5a80000,0x00000000d5b60510,0x00000000d5b80000)
  to   space 512K, 0% used [0x00000000d5b80000,0x00000000d5b80000,0x00000000d5c00000)
 ParOldGen       total 566272K, used 565908K [0x0000000080000000, 0x00000000a2900000, 0x00000000d5580000)
  object space 566272K, 99% used [0x0000000080000000,0x00000000a28a5038,0x00000000a2900000)
 Metaspace       used 92797K, committed 94336K, reserved 1179648K
  class space    used 9710K, committed 10432K, reserved 1048576K
}
Event: 3869.077 GC heap after
{Heap after GC invocations=1074 (full 4):
 PSYoungGen      total 4608K, used 512K [0x00000000d5580000, 0x00000000d5d80000, 0x0000000100000000)
  eden space 4096K, 0% used [0x00000000d5580000,0x00000000d5580000,0x00000000d5980000)
  from space 512K, 100% used [0x00000000d5b80000,0x00000000d5c00000,0x00000000d5c00000)
  to   space 2048K, 0% used [0x00000000d5980000,0x00000000d5980000,0x00000000d5b80000)
 ParOldGen       total 567296K, used 567032K [0x0000000080000000, 0x00000000a2a00000, 0x00000000d5580000)
  object space 567296K, 99% used [0x0000000080000000,0x00000000a29be378,0x00000000a2a00000)
 Metaspace       used 92797K, committed 94336K, reserved 1179648K
  class space    used 9710K, committed 10432K, reserved 1048576K
}
Event: 3869.088 GC heap before
{Heap before GC invocations=1075 (full 4):
 PSYoungGen      total 4608K, used 4608K [0x00000000d5580000, 0x00000000d5d80000, 0x0000000100000000)
  eden space 4096K, 100% used [0x00000000d5580000,0x00000000d5980000,0x00000000d5980000)
  from space 512K, 100% used [0x00000000d5b80000,0x00000000d5c00000,0x00000000d5c00000)
  to   space 2048K, 0% used [0x00000000d5980000,0x00000000d5980000,0x00000000d5b80000)
 ParOldGen       total 567296K, used 567032K [0x0000000080000000, 0x00000000a2a00000, 0x00000000d5580000)
  object space 567296K, 99% used [0x0000000080000000,0x00000000a29be378,0x00000000a2a00000)
 Metaspace       used 92797K, committed 94336K, reserved 1179648K
  class space    used 9710K, committed 10432K, reserved 1048576K
}
Event: 3869.090 GC heap after
{Heap after GC invocations=1075 (full 4):
 PSYoungGen      total 5120K, used 921K [0x00000000d5580000, 0x00000000d5c80000, 0x0000000100000000)
  eden space 4096K, 0% used [0x00000000d5580000,0x00000000d5580000,0x00000000d5980000)
  from space 1024K, 90% used [0x00000000d5980000,0x00000000d5a667b0,0x00000000d5a80000)
  to   space 1536K, 0% used [0x00000000d5b00000,0x00000000d5b00000,0x00000000d5c80000)
 ParOldGen       total 567808K, used 567576K [0x0000000080000000, 0x00000000a2a80000, 0x00000000d5580000)
  object space 567808K, 99% used [0x0000000080000000,0x00000000a2a46210,0x00000000a2a80000)
 Metaspace       used 92797K, committed 94336K, reserved 1179648K
  class space    used 9710K, committed 10432K, reserved 1048576K
}
Event: 3869.103 GC heap before
{Heap before GC invocations=1076 (full 4):
 PSYoungGen      total 5120K, used 5017K [0x00000000d5580000, 0x00000000d5c80000, 0x0000000100000000)
  eden space 4096K, 100% used [0x00000000d5580000,0x00000000d5980000,0x00000000d5980000)
  from space 1024K, 90% used [0x00000000d5980000,0x00000000d5a667b0,0x00000000d5a80000)
  to   space 1536K, 0% used [0x00000000d5b00000,0x00000000d5b00000,0x00000000d5c80000)
 ParOldGen       total 567808K, used 567576K [0x0000000080000000, 0x00000000a2a80000, 0x00000000d5580000)
  object space 567808K, 99% used [0x0000000080000000,0x00000000a2a46210,0x00000000a2a80000)
 Metaspace       used 92797K, committed 94336K, reserved 1179648K
  class space    used 9710K, committed 10432K, reserved 1048576K
}
Event: 3869.105 GC heap after
{Heap after GC invocations=1076 (full 4):
 PSYoungGen      total 5120K, used 989K [0x00000000d5580000, 0x00000000d5c00000, 0x0000000100000000)
  eden space 4096K, 0% used [0x00000000d5580000,0x00000000d5580000,0x00000000d5980000)
  from space 1024K, 96% used [0x00000000d5b00000,0x00000000d5bf7628,0x00000000d5c00000)
  to   space 1024K, 0% used [0x00000000d5980000,0x00000000d5980000,0x00000000d5a80000)
 ParOldGen       total 568832K, used 568430K [0x0000000080000000, 0x00000000a2b80000, 0x00000000d5580000)
  object space 568832K, 99% used [0x0000000080000000,0x00000000a2b1b9c0,0x00000000a2b80000)
 Metaspace       used 92797K, committed 94336K, reserved 1179648K
  class space    used 9710K, committed 10432K, reserved 1048576K
}
Event: 3869.118 GC heap before
{Heap before GC invocations=1077 (full 4):
 PSYoungGen      total 5120K, used 5085K [0x00000000d5580000, 0x00000000d5c00000, 0x0000000100000000)
  eden space 4096K, 100% used [0x00000000d5580000,0x00000000d5980000,0x00000000d5980000)
  from space 1024K, 96% used [0x00000000d5b00000,0x00000000d5bf7628,0x00000000d5c00000)
  to   space 1024K, 0% used [0x00000000d5980000,0x00000000d5980000,0x00000000d5a80000)
 ParOldGen       total 568832K, used 568430K [0x0000000080000000, 0x00000000a2b80000, 0x00000000d5580000)
  object space 568832K, 99% used [0x0000000080000000,0x00000000a2b1b9c0,0x00000000a2b80000)
 Metaspace       used 92798K, committed 94336K, reserved 1179648K
  class space    used 9710K, committed 10432K, reserved 1048576K
}
Event: 3869.120 GC heap after
{Heap after GC invocations=1077 (full 4):
 PSYoungGen      total 5120K, used 956K [0x00000000d5580000, 0x00000000d5b80000, 0x0000000100000000)
  eden space 4096K, 0% used [0x00000000d5580000,0x00000000d5580000,0x00000000d5980000)
  from space 1024K, 93% used [0x00000000d5980000,0x00000000d5a6f078,0x00000000d5a80000)
  to   space 1024K, 0% used [0x00000000d5a80000,0x00000000d5a80000,0x00000000d5b80000)
 ParOldGen       total 569344K, used 569281K [0x0000000080000000, 0x00000000a2c00000, 0x00000000d5580000)
  object space 569344K, 99% used [0x0000000080000000,0x00000000a2bf0600,0x00000000a2c00000)
 Metaspace       used 92798K, committed 94336K, reserved 1179648K
  class space    used 9710K, committed 10432K, reserved 1048576K
}
Event: 3869.130 GC heap before
{Heap before GC invocations=1078 (full 4):
 PSYoungGen      total 5120K, used 5052K [0x00000000d5580000, 0x00000000d5b80000, 0x0000000100000000)
  eden space 4096K, 100% used [0x00000000d5580000,0x00000000d5980000,0x00000000d5980000)
  from space 1024K, 93% used [0x00000000d5980000,0x00000000d5a6f078,0x00000000d5a80000)
  to   space 1024K, 0% used [0x00000000d5a80000,0x00000000d5a80000,0x00000000d5b80000)
 ParOldGen       total 569344K, used 569281K [0x0000000080000000, 0x00000000a2c00000, 0x00000000d5580000)
  object space 569344K, 99% used [0x0000000080000000,0x00000000a2bf0600,0x00000000a2c00000)
 Metaspace       used 92798K, committed 94336K, reserved 1179648K
  class space    used 9710K, committed 10432K, reserved 1048576K
}
Event: 3869.132 GC heap after
{Heap after GC invocations=1078 (full 4):
 PSYoungGen      total 4096K, used 1015K [0x00000000d5580000, 0x00000000d5d80000, 0x0000000100000000)
  eden space 3072K, 0% used [0x00000000d5580000,0x00000000d5580000,0x00000000d5880000)
  from space 1024K, 99% used [0x00000000d5a80000,0x00000000d5b7dff0,0x00000000d5b80000)
  to   space 2048K, 0% used [0x00000000d5880000,0x00000000d5880000,0x00000000d5a80000)
 ParOldGen       total 570368K, used 570142K [0x0000000080000000, 0x00000000a2d00000, 0x00000000d5580000)
  object space 570368K, 99% used [0x0000000080000000,0x00000000a2cc7980,0x00000000a2d00000)
 Metaspace       used 92798K, committed 94336K, reserved 1179648K
  class space    used 9710K, committed 10432K, reserved 1048576K
}
Event: 3869.140 GC heap before
{Heap before GC invocations=1079 (full 4):
 PSYoungGen      total 4096K, used 4087K [0x00000000d5580000, 0x00000000d5d80000, 0x0000000100000000)
  eden space 3072K, 100% used [0x00000000d5580000,0x00000000d5880000,0x00000000d5880000)
  from space 1024K, 99% used [0x00000000d5a80000,0x00000000d5b7dff0,0x00000000d5b80000)
  to   space 2048K, 0% used [0x00000000d5880000,0x00000000d5880000,0x00000000d5a80000)
 ParOldGen       total 570368K, used 570142K [0x0000000080000000, 0x00000000a2d00000, 0x00000000d5580000)
  object space 570368K, 99% used [0x0000000080000000,0x00000000a2cc7980,0x00000000a2d00000)
 Metaspace       used 92798K, committed 94336K, reserved 1179648K
  class space    used 9710K, committed 10432K, reserved 1048576K
}
Event: 3869.142 GC heap after
{Heap after GC invocations=1079 (full 4):
 PSYoungGen      total 4096K, used 998K [0x00000000d5580000, 0x00000000d5b80000, 0x0000000100000000)
  eden space 3072K, 0% used [0x00000000d5580000,0x00000000d5580000,0x00000000d5880000)
  from space 1024K, 97% used [0x00000000d5880000,0x00000000d5979a50,0x00000000d5980000)
  to   space 1536K, 0% used [0x00000000d5a00000,0x00000000d5a00000,0x00000000d5b80000)
 ParOldGen       total 571392K, used 571078K [0x0000000080000000, 0x00000000a2e00000, 0x00000000d5580000)
  object space 571392K, 99% used [0x0000000080000000,0x00000000a2db1b90,0x00000000a2e00000)
 Metaspace       used 92798K, committed 94336K, reserved 1179648K
  class space    used 9710K, committed 10432K, reserved 1048576K
}

