# JRE version: OpenJDK Runtime Environment Temurin-21.0.10+7 (21.0.10+7) (build 21.0.10+7-LTS)
# Java VM: OpenJDK 64-Bit Server VM Temurin-21.0.10+7 (21.0.10+7-LTS, mixed mode, sharing, tiered, compressed oops, compressed class ptrs, parallel gc, windows-amd64)
GC Precious Log:
 CardTable entry size: 512
 CPUs: 12 total, 12 available
 Memory: 15740M
 Large Page Support: Disabled
 NUMA Support: Disabled
 Compressed Oops: Enabled (32-bit)
 Alignments: Space 512K, Generation 512K, Heap 2M
 Heap Min Capacity: 100M
 Heap Initial Capacity: 100M
 Heap Max Capacity: 2G
 Pre-touch: Disabled
 Parallel Workers: 10
Heap:
 PSYoungGen      total 20480K, used 1184K [0x00000000d5580000, 0x00000000d6c00000, 0x0000000100000000)
  eden space 18944K, 0% used [0x00000000d5580000,0x00000000d5580000,0x00000000d6800000)
  from space 1536K, 77% used [0x00000000d6900000,0x00000000d6a28000,0x00000000d6a80000)
  to   space 1536K, 0% used [0x00000000d6a80000,0x00000000d6a80000,0x00000000d6c00000)
 ParOldGen       total 68608K, used 52544K [0x0000000080000000, 0x0000000084300000, 0x00000000d5580000)
  object space 68608K, 76% used [0x0000000080000000,0x0000000083350170,0x0000000084300000)
 Metaspace       used 58428K, committed 59776K, reserved 1114112K
  class space    used 6382K, committed 6976K, reserved 1048576K
GC Heap History (20 events):
Event: 4.789 GC heap after
{Heap after GC invocations=26 (full 2):
 PSYoungGen      total 22016K, used 1010K [0x00000000d5580000, 0x00000000d6d00000, 0x0000000100000000)
  eden space 20992K, 0% used [0x00000000d5580000,0x00000000d5580000,0x00000000d6a00000)
  from space 1024K, 98% used [0x00000000d6c00000,0x00000000d6cfcb08,0x00000000d6d00000)
  to   space 1536K, 0% used [0x00000000d6a00000,0x00000000d6a00000,0x00000000d6b80000)
 ParOldGen       total 68608K, used 43484K [0x0000000080000000, 0x0000000084300000, 0x00000000d5580000)
  object space 68608K, 63% used [0x0000000080000000,0x0000000082a772e0,0x0000000084300000)
 Metaspace       used 45550K, committed 46848K, reserved 1114112K
  class space    used 4946K, committed 5504K, reserved 1048576K
}
Event: 4.889 GC heap before
{Heap before GC invocations=27 (full 2):
 PSYoungGen      total 22016K, used 22002K [0x00000000d5580000, 0x00000000d6d00000, 0x0000000100000000)
  eden space 20992K, 100% used [0x00000000d5580000,0x00000000d6a00000,0x00000000d6a00000)
  from space 1024K, 98% used [0x00000000d6c00000,0x00000000d6cfcb08,0x00000000d6d00000)
  to   space 1536K, 0% used [0x00000000d6a00000,0x00000000d6a00000,0x00000000d6b80000)
 ParOldGen       total 68608K, used 43484K [0x0000000080000000, 0x0000000084300000, 0x00000000d5580000)
  object space 68608K, 63% used [0x0000000080000000,0x0000000082a772e0,0x0000000084300000)
 Metaspace       used 47174K, committed 48448K, reserved 1114112K
  class space    used 5174K, committed 5760K, reserved 1048576K
}
Event: 4.890 GC heap after
{Heap after GC invocations=27 (full 2):
 PSYoungGen      total 22528K, used 928K [0x00000000d5580000, 0x00000000d6c80000, 0x0000000100000000)
  eden space 20992K, 0% used [0x00000000d5580000,0x00000000d5580000,0x00000000d6a00000)
  from space 1536K, 60% used [0x00000000d6a00000,0x00000000d6ae8000,0x00000000d6b80000)
  to   space 1024K, 0% used [0x00000000d6b80000,0x00000000d6b80000,0x00000000d6c80000)
 ParOldGen       total 68608K, used 44256K [0x0000000080000000, 0x0000000084300000, 0x00000000d5580000)
  object space 68608K, 64% used [0x0000000080000000,0x0000000082b383b0,0x0000000084300000)
 Metaspace       used 47174K, committed 48448K, reserved 1114112K
  class space    used 5174K, committed 5760K, reserved 1048576K
}
Event: 5.007 GC heap before
{Heap before GC invocations=28 (full 2):
 PSYoungGen      total 22528K, used 21920K [0x00000000d5580000, 0x00000000d6c80000, 0x0000000100000000)
  eden space 20992K, 100% used [0x00000000d5580000,0x00000000d6a00000,0x00000000d6a00000)
  from space 1536K, 60% used [0x00000000d6a00000,0x00000000d6ae8000,0x00000000d6b80000)
  to   space 1024K, 0% used [0x00000000d6b80000,0x00000000d6b80000,0x00000000d6c80000)
 ParOldGen       total 68608K, used 44320K [0x0000000080000000, 0x0000000084300000, 0x00000000d5580000)
  object space 68608K, 64% used [0x0000000080000000,0x0000000082b483c0,0x0000000084300000)
 Metaspace       used 48953K, committed 50176K, reserved 1114112K
  class space    used 5413K, committed 5952K, reserved 1048576K
}
Event: 5.008 GC heap after
{Heap after GC invocations=28 (full 2):
 PSYoungGen      total 22016K, used 1014K [0x00000000d5580000, 0x00000000d6d00000, 0x0000000100000000)
  eden space 20992K, 0% used [0x00000000d5580000,0x00000000d5580000,0x00000000d6a00000)
  from space 1024K, 99% used [0x00000000d6b80000,0x00000000d6c7d8c8,0x00000000d6c80000)
  to   space 1536K, 0% used [0x00000000d6a00000,0x00000000d6a00000,0x00000000d6b80000)
 ParOldGen       total 68608K, used 45044K [0x0000000080000000, 0x0000000084300000, 0x00000000d5580000)
  object space 68608K, 65% used [0x0000000080000000,0x0000000082bfd3d0,0x0000000084300000)
 Metaspace       used 48953K, committed 50176K, reserved 1114112K
  class space    used 5413K, committed 5952K, reserved 1048576K
}
Event: 5.086 GC heap before
{Heap before GC invocations=29 (full 2):
 PSYoungGen      total 22016K, used 22006K [0x00000000d5580000, 0x00000000d6d00000, 0x0000000100000000)
  eden space 20992K, 100% used [0x00000000d5580000,0x00000000d6a00000,0x00000000d6a00000)
  from space 1024K, 99% used [0x00000000d6b80000,0x00000000d6c7d8c8,0x00000000d6c80000)
  to   space 1536K, 0% used [0x00000000d6a00000,0x00000000d6a00000,0x00000000d6b80000)
 ParOldGen       total 68608K, used 45050K [0x0000000080000000, 0x0000000084300000, 0x00000000d5580000)
  object space 68608K, 65% used [0x0000000080000000,0x0000000082bfeb78,0x0000000084300000)
 Metaspace       used 50992K, committed 52288K, reserved 1114112K
  class space    used 5601K, committed 6144K, reserved 1048576K
}
Event: 5.087 GC heap after
{Heap after GC invocations=29 (full 2):
 PSYoungGen      total 22528K, used 1248K [0x00000000d5580000, 0x00000000d6d00000, 0x0000000100000000)
  eden space 20992K, 0% used [0x00000000d5580000,0x00000000d5580000,0x00000000d6a00000)
  from space 1536K, 81% used [0x00000000d6a00000,0x00000000d6b38000,0x00000000d6b80000)
  to   space 1536K, 0% used [0x00000000d6b80000,0x00000000d6b80000,0x00000000d6d00000)
 ParOldGen       total 68608K, used 45870K [0x0000000080000000, 0x0000000084300000, 0x00000000d5580000)
  object space 68608K, 66% used [0x0000000080000000,0x0000000082ccbb88,0x0000000084300000)
 Metaspace       used 50992K, committed 52288K, reserved 1114112K
  class space    used 5601K, committed 6144K, reserved 1048576K
}
Event: 5.155 GC heap before
{Heap before GC invocations=30 (full 2):
 PSYoungGen      total 22528K, used 22239K [0x00000000d5580000, 0x00000000d6d00000, 0x0000000100000000)
  eden space 20992K, 99% used [0x00000000d5580000,0x00000000d69fffa0,0x00000000d6a00000)
  from space 1536K, 81% used [0x00000000d6a00000,0x00000000d6b38000,0x00000000d6b80000)
  to   space 1536K, 0% used [0x00000000d6b80000,0x00000000d6b80000,0x00000000d6d00000)
 ParOldGen       total 68608K, used 45870K [0x0000000080000000, 0x0000000084300000, 0x00000000d5580000)
  object space 68608K, 66% used [0x0000000080000000,0x0000000082ccbb88,0x0000000084300000)
 Metaspace       used 52193K, committed 53504K, reserved 1114112K
  class space    used 5744K, committed 6336K, reserved 1048576K
}
Event: 5.157 GC heap after
{Heap after GC invocations=30 (full 2):
 PSYoungGen      total 20480K, used 1505K [0x00000000d5580000, 0x00000000d7100000, 0x0000000100000000)
  eden space 18944K, 0% used [0x00000000d5580000,0x00000000d5580000,0x00000000d6800000)
  from space 1536K, 98% used [0x00000000d6b80000,0x00000000d6cf8750,0x00000000d6d00000)
  to   space 3584K, 0% used [0x00000000d6800000,0x00000000d6800000,0x00000000d6b80000)
 ParOldGen       total 68608K, used 47525K [0x0000000080000000, 0x0000000084300000, 0x00000000d5580000)
  object space 68608K, 69% used [0x0000000080000000,0x0000000082e69690,0x0000000084300000)
 Metaspace       used 52193K, committed 53504K, reserved 1114112K
  class space    used 5744K, committed 6336K, reserved 1048576K
}
Event: 5.183 GC heap before
{Heap before GC invocations=31 (full 2):
 PSYoungGen      total 20480K, used 20449K [0x00000000d5580000, 0x00000000d7100000, 0x0000000100000000)
  eden space 18944K, 100% used [0x00000000d5580000,0x00000000d6800000,0x00000000d6800000)
  from space 1536K, 98% used [0x00000000d6b80000,0x00000000d6cf8750,0x00000000d6d00000)
  to   space 3584K, 0% used [0x00000000d6800000,0x00000000d6800000,0x00000000d6b80000)
 ParOldGen       total 68608K, used 47525K [0x0000000080000000, 0x0000000084300000, 0x00000000d5580000)
  object space 68608K, 69% used [0x0000000080000000,0x0000000082e69690,0x0000000084300000)
 Metaspace       used 52203K, committed 53568K, reserved 1114112K
  class space    used 5744K, committed 6336K, reserved 1048576K
}
Event: 5.184 GC heap after
{Heap after GC invocations=31 (full 2):
 PSYoungGen      total 19968K, used 694K [0x00000000d5580000, 0x00000000d6c00000, 0x0000000100000000)
  eden space 18944K, 0% used [0x00000000d5580000,0x00000000d5580000,0x00000000d6800000)
  from space 1024K, 67% used [0x00000000d6800000,0x00000000d68ada28,0x00000000d6900000)
  to   space 2048K, 0% used [0x00000000d6a00000,0x00000000d6a00000,0x00000000d6c00000)
 ParOldGen       total 68608K, used 48541K [0x0000000080000000, 0x0000000084300000, 0x00000000d5580000)
  object space 68608K, 70% used [0x0000000080000000,0x0000000082f67740,0x0000000084300000)
 Metaspace       used 52203K, committed 53568K, reserved 1114112K
  class space    used 5744K, committed 6336K, reserved 1048576K
}
Event: 5.334 GC heap before
{Heap before GC invocations=32 (full 2):
 PSYoungGen      total 19968K, used 19638K [0x00000000d5580000, 0x00000000d6c00000, 0x0000000100000000)
  eden space 18944K, 100% used [0x00000000d5580000,0x00000000d6800000,0x00000000d6800000)
  from space 1024K, 67% used [0x00000000d6800000,0x00000000d68ada28,0x00000000d6900000)
  to   space 2048K, 0% used [0x00000000d6a00000,0x00000000d6a00000,0x00000000d6c00000)
 ParOldGen       total 68608K, used 48541K [0x0000000080000000, 0x0000000084300000, 0x00000000d5580000)
  object space 68608K, 70% used [0x0000000080000000,0x0000000082f67740,0x0000000084300000)
 Metaspace       used 54375K, committed 55744K, reserved 1114112K
  class space    used 5917K, committed 6528K, reserved 1048576K
}
Event: 5.335 GC heap after
{Heap after GC invocations=32 (full 2):
 PSYoungGen      total 20480K, used 1233K [0x00000000d5580000, 0x00000000d6b80000, 0x0000000100000000)
  eden space 18944K, 0% used [0x00000000d5580000,0x00000000d5580000,0x00000000d6800000)
  from space 1536K, 80% used [0x00000000d6a00000,0x00000000d6b347b0,0x00000000d6b80000)
  to   space 1536K, 0% used [0x00000000d6880000,0x00000000d6880000,0x00000000d6a00000)
 ParOldGen       total 68608K, used 48573K [0x0000000080000000, 0x0000000084300000, 0x00000000d5580000)
  object space 68608K, 70% used [0x0000000080000000,0x0000000082f6f740,0x0000000084300000)
 Metaspace       used 54375K, committed 55744K, reserved 1114112K
  class space    used 5917K, committed 6528K, reserved 1048576K
}
Event: 5.511 GC heap before
{Heap before GC invocations=33 (full 2):
 PSYoungGen      total 20480K, used 20177K [0x00000000d5580000, 0x00000000d6b80000, 0x0000000100000000)
  eden space 18944K, 100% used [0x00000000d5580000,0x00000000d6800000,0x00000000d6800000)
  from space 1536K, 80% used [0x00000000d6a00000,0x00000000d6b347b0,0x00000000d6b80000)
  to   space 1536K, 0% used [0x00000000d6880000,0x00000000d6880000,0x00000000d6a00000)
 ParOldGen       total 68608K, used 48573K [0x0000000080000000, 0x0000000084300000, 0x00000000d5580000)
  object space 68608K, 70% used [0x0000000080000000,0x0000000082f6f740,0x0000000084300000)
 Metaspace       used 55959K, committed 57408K, reserved 1114112K
  class space    used 6092K, committed 6720K, reserved 1048576K
}
Event: 5.512 GC heap after
{Heap after GC invocations=33 (full 2):
 PSYoungGen      total 20480K, used 1534K [0x00000000d5580000, 0x00000000d6f00000, 0x0000000100000000)
  eden space 18944K, 0% used [0x00000000d5580000,0x00000000d5580000,0x00000000d6800000)
  from space 1536K, 99% used [0x00000000d6880000,0x00000000d69ffbe8,0x00000000d6a00000)
  to   space 3584K, 0% used [0x00000000d6b80000,0x00000000d6b80000,0x00000000d6f00000)
 ParOldGen       total 68608K, used 50203K [0x0000000080000000, 0x0000000084300000, 0x00000000d5580000)
  object space 68608K, 73% used [0x0000000080000000,0x0000000083106e50,0x0000000084300000)
 Metaspace       used 55959K, committed 57408K, reserved 1114112K
  class space    used 6092K, committed 6720K, reserved 1048576K
}
Event: 5.644 GC heap before
{Heap before GC invocations=34 (full 2):
 PSYoungGen      total 20480K, used 20478K [0x00000000d5580000, 0x00000000d6f00000, 0x0000000100000000)
  eden space 18944K, 100% used [0x00000000d5580000,0x00000000d6800000,0x00000000d6800000)
  from space 1536K, 99% used [0x00000000d6880000,0x00000000d69ffbe8,0x00000000d6a00000)
  to   space 3584K, 0% used [0x00000000d6b80000,0x00000000d6b80000,0x00000000d6f00000)
 ParOldGen       total 68608K, used 50203K [0x0000000080000000, 0x0000000084300000, 0x00000000d5580000)
  object space 68608K, 73% used [0x0000000080000000,0x0000000083106e50,0x0000000084300000)
 Metaspace       used 57535K, committed 58880K, reserved 1114112K
  class space    used 6272K, committed 6848K, reserved 1048576K
}
Event: 5.646 GC heap after
{Heap after GC invocations=34 (full 2):
 PSYoungGen      total 20480K, used 1128K [0x00000000d5580000, 0x00000000d6d00000, 0x0000000100000000)
  eden space 18944K, 0% used [0x00000000d5580000,0x00000000d5580000,0x00000000d6800000)
  from space 1536K, 73% used [0x00000000d6b80000,0x00000000d6c9a088,0x00000000d6d00000)
  to   space 2048K, 0% used [0x00000000d6900000,0x00000000d6900000,0x00000000d6b00000)
 ParOldGen       total 68608K, used 51691K [0x0000000080000000, 0x0000000084300000, 0x00000000d5580000)
  object space 68608K, 75% used [0x0000000080000000,0x000000008327af00,0x0000000084300000)
 Metaspace       used 57535K, committed 58880K, reserved 1114112K
  class space    used 6272K, committed 6848K, reserved 1048576K
}
Event: 5.803 GC heap before
{Heap before GC invocations=35 (full 2):
 PSYoungGen      total 20480K, used 18967K [0x00000000d5580000, 0x00000000d6d00000, 0x0000000100000000)
  eden space 18944K, 94% used [0x00000000d5580000,0x00000000d66ebe30,0x00000000d6800000)
  from space 1536K, 73% used [0x00000000d6b80000,0x00000000d6c9a088,0x00000000d6d00000)
  to   space 2048K, 0% used [0x00000000d6900000,0x00000000d6900000,0x00000000d6b00000)
 ParOldGen       total 68608K, used 51691K [0x0000000080000000, 0x0000000084300000, 0x00000000d5580000)
  object space 68608K, 75% used [0x0000000080000000,0x000000008327af00,0x0000000084300000)
 Metaspace       used 58428K, committed 59776K, reserved 1114112K
  class space    used 6382K, committed 6976K, reserved 1048576K
}
Event: 5.805 GC heap after
{Heap after GC invocations=35 (full 2):
 PSYoungGen      total 20480K, used 1184K [0x00000000d5580000, 0x00000000d6c00000, 0x0000000100000000)
  eden space 18944K, 0% used [0x00000000d5580000,0x00000000d5580000,0x00000000d6800000)
  from space 1536K, 77% used [0x00000000d6900000,0x00000000d6a28000,0x00000000d6a80000)
  to   space 1536K, 0% used [0x00000000d6a80000,0x00000000d6a80000,0x00000000d6c00000)
 ParOldGen       total 68608K, used 52544K [0x0000000080000000, 0x0000000084300000, 0x00000000d5580000)
  object space 68608K, 76% used [0x0000000080000000,0x0000000083350170,0x0000000084300000)
 Metaspace       used 58428K, committed 59776K, reserved 1114112K
  class space    used 6382K, committed 6976K, reserved 1048576K
}
Event: 5.805 GC heap before
{Heap before GC invocations=36 (full 3):
 PSYoungGen      total 20480K, used 1184K [0x00000000d5580000, 0x00000000d6c00000, 0x0000000100000000)
  eden space 18944K, 0% used [0x00000000d5580000,0x00000000d5580000,0x00000000d6800000)
  from space 1536K, 77% used [0x00000000d6900000,0x00000000d6a28000,0x00000000d6a80000)
  to   space 1536K, 0% used [0x00000000d6a80000,0x00000000d6a80000,0x00000000d6c00000)
 ParOldGen       total 68608K, used 52544K [0x0000000080000000, 0x0000000084300000, 0x00000000d5580000)
  object space 68608K, 76% used [0x0000000080000000,0x0000000083350170,0x0000000084300000)
 Metaspace       used 58428K, committed 59776K, reserved 1114112K
  class space    used 6382K, committed 6976K, reserved 1048576K
}

