# JRE version: OpenJDK Runtime Environment Temurin-21.0.10+7 (21.0.10+7) (build 21.0.10+7-LTS)
# Java VM: OpenJDK 64-Bit Server VM Temurin-21.0.10+7 (21.0.10+7-LTS, mixed mode, sharing, tiered, compressed oops, compressed class ptrs, parallel gc, windows-amd64)
GC Precious Log:
 CardTable entry size: 512
 CPUs: 12 total, 12 available
 Memory: 15740M
 Large Page Support: Disabled
 NUMA Support: Disabled
 Compressed Oops: Enabled (32-bit)
 Alignments: Space 512K, Generation 512K, Heap 2M
 Heap Min Capacity: 100M
 Heap Initial Capacity: 100M
 Heap Max Capacity: 2G
 Pre-touch: Disabled
 Parallel Workers: 10
Heap:
 PSYoungGen      total 20992K, used 19776K [0x00000000d5580000, 0x00000000d6e00000, 0x0000000100000000)
  eden space 19968K, 95% used [0x00000000d5580000,0x00000000d6809770,0x00000000d6900000)
  from space 1024K, 98% used [0x00000000d6c00000,0x00000000d6cfc068,0x00000000d6d00000)
  to   space 2560K, 0% used [0x00000000d6900000,0x00000000d6900000,0x00000000d6b80000)
 ParOldGen       total 68608K, used 24576K [0x0000000080000000, 0x0000000084300000, 0x00000000d5580000)
  object space 68608K, 35% used [0x0000000080000000,0x00000000818002c0,0x0000000084300000)
 Metaspace       used 47181K, committed 48448K, reserved 1114112K
  class space    used 5152K, committed 5696K, reserved 1048576K
GC Heap History (20 events):
Event: 3.901 GC heap before
{Heap before GC invocations=11 (full 1):
 PSYoungGen      total 26112K, used 24881K [0x00000000d5580000, 0x00000000d7300000, 0x0000000100000000)
  eden space 23552K, 100% used [0x00000000d5580000,0x00000000d6c80000,0x00000000d6c80000)
  from space 2560K, 51% used [0x00000000d6f00000,0x00000000d704c740,0x00000000d7180000)
  to   space 1536K, 0% used [0x00000000d7180000,0x00000000d7180000,0x00000000d7300000)
 ParOldGen       total 68608K, used 13443K [0x0000000080000000, 0x0000000084300000, 0x00000000d5580000)
  object space 68608K, 19% used [0x0000000080000000,0x0000000080d20d28,0x0000000084300000)
 Metaspace       used 28125K, committed 29184K, reserved 1114112K
  class space    used 2792K, committed 3264K, reserved 1048576K
}
Event: 3.903 GC heap after
{Heap after GC invocations=11 (full 1):
 PSYoungGen      total 24576K, used 1531K [0x00000000d5580000, 0x00000000d7400000, 0x0000000100000000)
  eden space 23040K, 0% used [0x00000000d5580000,0x00000000d5580000,0x00000000d6c00000)
  from space 1536K, 99% used [0x00000000d7180000,0x00000000d72feda0,0x00000000d7300000)
  to   space 4096K, 0% used [0x00000000d6c00000,0x00000000d6c00000,0x00000000d7000000)
 ParOldGen       total 68608K, used 15238K [0x0000000080000000, 0x0000000084300000, 0x00000000d5580000)
  object space 68608K, 22% used [0x0000000080000000,0x0000000080ee1958,0x0000000084300000)
 Metaspace       used 28125K, committed 29184K, reserved 1114112K
  class space    used 2792K, committed 3264K, reserved 1048576K
}
Event: 4.136 GC heap before
{Heap before GC invocations=12 (full 1):
 PSYoungGen      total 24576K, used 24571K [0x00000000d5580000, 0x00000000d7400000, 0x0000000100000000)
  eden space 23040K, 100% used [0x00000000d5580000,0x00000000d6c00000,0x00000000d6c00000)
  from space 1536K, 99% used [0x00000000d7180000,0x00000000d72feda0,0x00000000d7300000)
  to   space 4096K, 0% used [0x00000000d6c00000,0x00000000d6c00000,0x00000000d7000000)
 ParOldGen       total 68608K, used 15241K [0x0000000080000000, 0x0000000084300000, 0x00000000d5580000)
  object space 68608K, 22% used [0x0000000080000000,0x0000000080ee2588,0x0000000084300000)
 Metaspace       used 31520K, committed 32704K, reserved 1114112K
  class space    used 3156K, committed 3712K, reserved 1048576K
}
Event: 4.139 GC heap after
{Heap after GC invocations=12 (full 1):
 PSYoungGen      total 25600K, used 2347K [0x00000000d5580000, 0x00000000d7200000, 0x0000000100000000)
  eden space 23040K, 0% used [0x00000000d5580000,0x00000000d5580000,0x00000000d6c00000)
  from space 2560K, 91% used [0x00000000d6c00000,0x00000000d6e4ae50,0x00000000d6e80000)
  to   space 3072K, 0% used [0x00000000d6f00000,0x00000000d6f00000,0x00000000d7200000)
 ParOldGen       total 68608K, used 16698K [0x0000000080000000, 0x0000000084300000, 0x00000000d5580000)
  object space 68608K, 24% used [0x0000000080000000,0x000000008104eb60,0x0000000084300000)
 Metaspace       used 31520K, committed 32704K, reserved 1114112K
  class space    used 3156K, committed 3712K, reserved 1048576K
}
Event: 4.238 GC heap before
{Heap before GC invocations=13 (full 1):
 PSYoungGen      total 25600K, used 25387K [0x00000000d5580000, 0x00000000d7200000, 0x0000000100000000)
  eden space 23040K, 100% used [0x00000000d5580000,0x00000000d6c00000,0x00000000d6c00000)
  from space 2560K, 91% used [0x00000000d6c00000,0x00000000d6e4ae50,0x00000000d6e80000)
  to   space 3072K, 0% used [0x00000000d6f00000,0x00000000d6f00000,0x00000000d7200000)
 ParOldGen       total 68608K, used 16731K [0x0000000080000000, 0x0000000084300000, 0x00000000d5580000)
  object space 68608K, 24% used [0x0000000080000000,0x0000000081056f50,0x0000000084300000)
 Metaspace       used 34123K, committed 35392K, reserved 1114112K
  class space    used 3473K, committed 4032K, reserved 1048576K
}
Event: 4.240 GC heap after
{Heap after GC invocations=13 (full 1):
 PSYoungGen      total 23040K, used 3067K [0x00000000d5580000, 0x00000000d7780000, 0x0000000100000000)
  eden space 19968K, 0% used [0x00000000d5580000,0x00000000d5580000,0x00000000d6900000)
  from space 3072K, 99% used [0x00000000d6f00000,0x00000000d71fecb8,0x00000000d7200000)
  to   space 6144K, 0% used [0x00000000d6900000,0x00000000d6900000,0x00000000d6f00000)
 ParOldGen       total 68608K, used 18905K [0x0000000080000000, 0x0000000084300000, 0x00000000d5580000)
  object space 68608K, 27% used [0x0000000080000000,0x00000000812766a0,0x0000000084300000)
 Metaspace       used 34123K, committed 35392K, reserved 1114112K
  class space    used 3473K, committed 4032K, reserved 1048576K
}
Event: 4.263 GC heap before
{Heap before GC invocations=14 (full 1):
 PSYoungGen      total 23040K, used 8974K [0x00000000d5580000, 0x00000000d7780000, 0x0000000100000000)
  eden space 19968K, 29% used [0x00000000d5580000,0x00000000d5b44b48,0x00000000d6900000)
  from space 3072K, 99% used [0x00000000d6f00000,0x00000000d71fecb8,0x00000000d7200000)
  to   space 6144K, 0% used [0x00000000d6900000,0x00000000d6900000,0x00000000d6f00000)
 ParOldGen       total 68608K, used 18905K [0x0000000080000000, 0x0000000084300000, 0x00000000d5580000)
  object space 68608K, 27% used [0x0000000080000000,0x00000000812766a0,0x0000000084300000)
 Metaspace       used 34713K, committed 35840K, reserved 1114112K
  class space    used 3549K, committed 4032K, reserved 1048576K
}
Event: 4.265 GC heap after
{Heap after GC invocations=14 (full 1):
 PSYoungGen      total 20992K, used 770K [0x00000000d5580000, 0x00000000d7080000, 0x0000000100000000)
  eden space 19968K, 0% used [0x00000000d5580000,0x00000000d5580000,0x00000000d6900000)
  from space 1024K, 75% used [0x00000000d6900000,0x00000000d69c0a80,0x00000000d6a00000)
  to   space 2560K, 0% used [0x00000000d6e00000,0x00000000d6e00000,0x00000000d7080000)
 ParOldGen       total 68608K, used 20503K [0x0000000080000000, 0x0000000084300000, 0x00000000d5580000)
  object space 68608K, 29% used [0x0000000080000000,0x0000000081405f78,0x0000000084300000)
 Metaspace       used 34713K, committed 35840K, reserved 1114112K
  class space    used 3549K, committed 4032K, reserved 1048576K
}
Event: 4.265 GC heap before
{Heap before GC invocations=15 (full 2):
 PSYoungGen      total 20992K, used 770K [0x00000000d5580000, 0x00000000d7080000, 0x0000000100000000)
  eden space 19968K, 0% used [0x00000000d5580000,0x00000000d5580000,0x00000000d6900000)
  from space 1024K, 75% used [0x00000000d6900000,0x00000000d69c0a80,0x00000000d6a00000)
  to   space 2560K, 0% used [0x00000000d6e00000,0x00000000d6e00000,0x00000000d7080000)
 ParOldGen       total 68608K, used 20503K [0x0000000080000000, 0x0000000084300000, 0x00000000d5580000)
  object space 68608K, 29% used [0x0000000080000000,0x0000000081405f78,0x0000000084300000)
 Metaspace       used 34713K, committed 35840K, reserved 1114112K
  class space    used 3549K, committed 4032K, reserved 1048576K
}
Event: 4.289 GC heap after
{Heap after GC invocations=15 (full 2):
 PSYoungGen      total 20992K, used 0K [0x00000000d5580000, 0x00000000d7080000, 0x0000000100000000)
  eden space 19968K, 0% used [0x00000000d5580000,0x00000000d5580000,0x00000000d6900000)
  from space 1024K, 0% used [0x00000000d6900000,0x00000000d6900000,0x00000000d6a00000)
  to   space 2560K, 0% used [0x00000000d6e00000,0x00000000d6e00000,0x00000000d7080000)
 ParOldGen       total 68608K, used 20125K [0x0000000080000000, 0x0000000084300000, 0x00000000d5580000)
  object space 68608K, 29% used [0x0000000080000000,0x00000000813a7730,0x0000000084300000)
 Metaspace       used 34713K, committed 35840K, reserved 1114112K
  class space    used 3549K, committed 4032K, reserved 1048576K
}
Event: 4.383 GC heap before
{Heap before GC invocations=16 (full 2):
 PSYoungGen      total 20992K, used 19968K [0x00000000d5580000, 0x00000000d7080000, 0x0000000100000000)
  eden space 19968K, 100% used [0x00000000d5580000,0x00000000d6900000,0x00000000d6900000)
  from space 1024K, 0% used [0x00000000d6900000,0x00000000d6900000,0x00000000d6a00000)
  to   space 2560K, 0% used [0x00000000d6e00000,0x00000000d6e00000,0x00000000d7080000)
 ParOldGen       total 68608K, used 20125K [0x0000000080000000, 0x0000000084300000, 0x00000000d5580000)
  object space 68608K, 29% used [0x0000000080000000,0x00000000813a7730,0x0000000084300000)
 Metaspace       used 37652K, committed 38848K, reserved 1114112K
  class space    used 3889K, committed 4416K, reserved 1048576K
}
Event: 4.386 GC heap after
{Heap after GC invocations=16 (full 2):
 PSYoungGen      total 22528K, used 2530K [0x00000000d5580000, 0x00000000d7100000, 0x0000000100000000)
  eden space 19968K, 0% used [0x00000000d5580000,0x00000000d5580000,0x00000000d6900000)
  from space 2560K, 98% used [0x00000000d6e00000,0x00000000d7078850,0x00000000d7080000)
  to   space 4096K, 0% used [0x00000000d6900000,0x00000000d6900000,0x00000000d6d00000)
 ParOldGen       total 68608K, used 20965K [0x0000000080000000, 0x0000000084300000, 0x00000000d5580000)
  object space 68608K, 30% used [0x0000000080000000,0x0000000081479730,0x0000000084300000)
 Metaspace       used 37652K, committed 38848K, reserved 1114112K
  class space    used 3889K, committed 4416K, reserved 1048576K
}
Event: 4.521 GC heap before
{Heap before GC invocations=17 (full 2):
 PSYoungGen      total 22528K, used 22495K [0x00000000d5580000, 0x00000000d7100000, 0x0000000100000000)
  eden space 19968K, 99% used [0x00000000d5580000,0x00000000d68ff6a8,0x00000000d6900000)
  from space 2560K, 98% used [0x00000000d6e00000,0x00000000d7078850,0x00000000d7080000)
  to   space 4096K, 0% used [0x00000000d6900000,0x00000000d6900000,0x00000000d6d00000)
 ParOldGen       total 68608K, used 20965K [0x0000000080000000, 0x0000000084300000, 0x00000000d5580000)
  object space 68608K, 30% used [0x0000000080000000,0x0000000081479730,0x0000000084300000)
 Metaspace       used 39488K, committed 40768K, reserved 1114112K
  class space    used 4116K, committed 4672K, reserved 1048576K
}
Event: 4.522 GC heap after
{Heap after GC invocations=17 (full 2):
 PSYoungGen      total 21504K, used 1236K [0x00000000d5580000, 0x00000000d6e80000, 0x0000000100000000)
  eden space 19968K, 0% used [0x00000000d5580000,0x00000000d5580000,0x00000000d6900000)
  from space 1536K, 80% used [0x00000000d6900000,0x00000000d6a353f8,0x00000000d6a80000)
  to   space 2048K, 0% used [0x00000000d6c80000,0x00000000d6c80000,0x00000000d6e80000)
 ParOldGen       total 68608K, used 22052K [0x0000000080000000, 0x0000000084300000, 0x00000000d5580000)
  object space 68608K, 32% used [0x0000000080000000,0x0000000081589308,0x0000000084300000)
 Metaspace       used 39488K, committed 40768K, reserved 1114112K
  class space    used 4116K, committed 4672K, reserved 1048576K
}
Event: 4.737 GC heap before
{Heap before GC invocations=18 (full 2):
 PSYoungGen      total 21504K, used 21204K [0x00000000d5580000, 0x00000000d6e80000, 0x0000000100000000)
  eden space 19968K, 100% used [0x00000000d5580000,0x00000000d6900000,0x00000000d6900000)
  from space 1536K, 80% used [0x00000000d6900000,0x00000000d6a353f8,0x00000000d6a80000)
  to   space 2048K, 0% used [0x00000000d6c80000,0x00000000d6c80000,0x00000000d6e80000)
 ParOldGen       total 68608K, used 22052K [0x0000000080000000, 0x0000000084300000, 0x00000000d5580000)
  object space 68608K, 32% used [0x0000000080000000,0x0000000081589308,0x0000000084300000)
 Metaspace       used 42279K, committed 43520K, reserved 1114112K
  class space    used 4517K, committed 5056K, reserved 1048576K
}
Event: 4.739 GC heap after
{Heap after GC invocations=18 (full 2):
 PSYoungGen      total 20992K, used 844K [0x00000000d5580000, 0x00000000d6d80000, 0x0000000100000000)
  eden space 19968K, 0% used [0x00000000d5580000,0x00000000d5580000,0x00000000d6900000)
  from space 1024K, 82% used [0x00000000d6c80000,0x00000000d6d53138,0x00000000d6d80000)
  to   space 1536K, 0% used [0x00000000d6a80000,0x00000000d6a80000,0x00000000d6c00000)
 ParOldGen       total 68608K, used 22827K [0x0000000080000000, 0x0000000084300000, 0x00000000d5580000)
  object space 68608K, 33% used [0x0000000080000000,0x000000008164ad48,0x0000000084300000)
 Metaspace       used 42279K, committed 43520K, reserved 1114112K
  class space    used 4517K, committed 5056K, reserved 1048576K
}
Event: 4.870 GC heap before
{Heap before GC invocations=19 (full 2):
 PSYoungGen      total 20992K, used 20812K [0x00000000d5580000, 0x00000000d6d80000, 0x0000000100000000)
  eden space 19968K, 100% used [0x00000000d5580000,0x00000000d6900000,0x00000000d6900000)
  from space 1024K, 82% used [0x00000000d6c80000,0x00000000d6d53138,0x00000000d6d80000)
  to   space 1536K, 0% used [0x00000000d6a80000,0x00000000d6a80000,0x00000000d6c00000)
 ParOldGen       total 68608K, used 22827K [0x0000000080000000, 0x0000000084300000, 0x00000000d5580000)
  object space 68608K, 33% used [0x0000000080000000,0x000000008164ad48,0x0000000084300000)
 Metaspace       used 43579K, committed 44864K, reserved 1114112K
  class space    used 4687K, committed 5248K, reserved 1048576K
}
Event: 4.871 GC heap after
{Heap after GC invocations=19 (full 2):
 PSYoungGen      total 21504K, used 640K [0x00000000d5580000, 0x00000000d6d00000, 0x0000000100000000)
  eden space 19968K, 0% used [0x00000000d5580000,0x00000000d5580000,0x00000000d6900000)
  from space 1536K, 41% used [0x00000000d6a80000,0x00000000d6b20000,0x00000000d6c00000)
  to   space 1024K, 0% used [0x00000000d6c00000,0x00000000d6c00000,0x00000000d6d00000)
 ParOldGen       total 68608K, used 23455K [0x0000000080000000, 0x0000000084300000, 0x00000000d5580000)
  object space 68608K, 34% used [0x0000000080000000,0x00000000816e7e80,0x0000000084300000)
 Metaspace       used 43579K, committed 44864K, reserved 1114112K
  class space    used 4687K, committed 5248K, reserved 1048576K
}
Event: 5.090 GC heap before
{Heap before GC invocations=20 (full 2):
 PSYoungGen      total 21504K, used 20608K [0x00000000d5580000, 0x00000000d6d00000, 0x0000000100000000)
  eden space 19968K, 100% used [0x00000000d5580000,0x00000000d6900000,0x00000000d6900000)
  from space 1536K, 41% used [0x00000000d6a80000,0x00000000d6b20000,0x00000000d6c00000)
  to   space 1024K, 0% used [0x00000000d6c00000,0x00000000d6c00000,0x00000000d6d00000)
 ParOldGen       total 68608K, used 23455K [0x0000000080000000, 0x0000000084300000, 0x00000000d5580000)
  object space 68608K, 34% used [0x0000000080000000,0x00000000816e7e80,0x0000000084300000)
 Metaspace       used 45040K, committed 46336K, reserved 1114112K
  class space    used 4878K, committed 5440K, reserved 1048576K
}
Event: 5.092 GC heap after
{Heap after GC invocations=20 (full 2):
 PSYoungGen      total 20992K, used 1008K [0x00000000d5580000, 0x00000000d6e00000, 0x0000000100000000)
  eden space 19968K, 0% used [0x00000000d5580000,0x00000000d5580000,0x00000000d6900000)
  from space 1024K, 98% used [0x00000000d6c00000,0x00000000d6cfc068,0x00000000d6d00000)
  to   space 2560K, 0% used [0x00000000d6900000,0x00000000d6900000,0x00000000d6b80000)
 ParOldGen       total 68608K, used 24576K [0x0000000080000000, 0x0000000084300000, 0x00000000d5580000)
  object space 68608K, 35% used [0x0000000080000000,0x00000000818002c0,0x0000000084300000)
 Metaspace       used 45040K, committed 46336K, reserved 1114112K
  class space    used 4878K, committed 5440K, reserved 1048576K
}

